2023-04-11 10:36:21,992 DEBUG [background-preinit][LoggerProviders.java:152] - Logging Provider: org.jboss.logging.Log4j2LoggerProvider
2023-04-11 10:36:21,992 DEBUG [background-preinit][LoggerProviders.java:152] - Logging Provider: org.jboss.logging.Log4j2LoggerProvider
2023-04-11 10:36:22,008 INFO [background-preinit][Version.java:21] - HV000001: Hibernate Validator 6.1.6.Final
2023-04-11 10:36:22,008 INFO [background-preinit][Version.java:21] - HV000001: Hibernate Validator 6.1.6.Final
2023-04-11 10:36:22,026 DEBUG [background-preinit][ValidationXmlParser.java:120] - Trying to load META-INF/validation.xml for XML based Validator configuration.
2023-04-11 10:36:22,026 DEBUG [background-preinit][ValidationXmlParser.java:120] - Trying to load META-INF/validation.xml for XML based Validator configuration.
2023-04-11 10:36:22,028 DEBUG [background-preinit][ResourceLoaderHelper.java:60] - Trying to load META-INF/validation.xml via TCCL
2023-04-11 10:36:22,028 DEBUG [background-preinit][ResourceLoaderHelper.java:60] - Trying to load META-INF/validation.xml via TCCL
2023-04-11 10:36:22,029 DEBUG [background-preinit][ResourceLoaderHelper.java:66] - Trying to load META-INF/validation.xml via Hibernate Validator's class loader
2023-04-11 10:36:22,029 DEBUG [background-preinit][ResourceLoaderHelper.java:66] - Trying to load META-INF/validation.xml via Hibernate Validator's class loader
2023-04-11 10:36:22,030 DEBUG [background-preinit][ValidationXmlParser.java:127] - No META-INF/validation.xml found. Using annotation based configuration only.
2023-04-11 10:36:22,030 DEBUG [background-preinit][ValidationXmlParser.java:127] - No META-INF/validation.xml found. Using annotation based configuration only.
2023-04-11 10:36:22,039 DEBUG [background-preinit][TraversableResolvers.java:60] - Cannot find javax.persistence.Persistence on classpath. Assuming non JPA 2 environment. All properties will per default be traversable.
2023-04-11 10:36:22,039 DEBUG [background-preinit][TraversableResolvers.java:60] - Cannot find javax.persistence.Persistence on classpath. Assuming non JPA 2 environment. All properties will per default be traversable.
2023-04-11 10:36:22,098 DEBUG [background-preinit][ResourceBundleMessageInterpolator.java:172] - Loaded expression factory via original TCCL
2023-04-11 10:36:22,098 DEBUG [background-preinit][ResourceBundleMessageInterpolator.java:172] - Loaded expression factory via original TCCL
2023-04-11 10:36:22,423 DEBUG [background-preinit][ValidatorFactoryConfigurationHelper.java:300] - HV000252: Using org.hibernate.validator.internal.engine.DefaultPropertyNodeNameProvider as property node name provider.
2023-04-11 10:36:22,423 DEBUG [background-preinit][ValidatorFactoryConfigurationHelper.java:300] - HV000252: Using org.hibernate.validator.internal.engine.DefaultPropertyNodeNameProvider as property node name provider.
2023-04-11 10:36:22,438 DEBUG [background-preinit][ValidatorFactoryConfigurationHelper.java:375] - HV000234: Using org.hibernate.validator.messageinterpolation.ResourceBundleMessageInterpolator as ValidatorFactory-scoped message interpolator.
2023-04-11 10:36:22,438 DEBUG [background-preinit][ValidatorFactoryConfigurationHelper.java:375] - HV000234: Using org.hibernate.validator.messageinterpolation.ResourceBundleMessageInterpolator as ValidatorFactory-scoped message interpolator.
2023-04-11 10:36:22,439 DEBUG [background-preinit][ValidatorFactoryConfigurationHelper.java:376] - HV000234: Using org.hibernate.validator.internal.engine.resolver.TraverseAllTraversableResolver as ValidatorFactory-scoped traversable resolver.
2023-04-11 10:36:22,439 DEBUG [background-preinit][ValidatorFactoryConfigurationHelper.java:376] - HV000234: Using org.hibernate.validator.internal.engine.resolver.TraverseAllTraversableResolver as ValidatorFactory-scoped traversable resolver.
2023-04-11 10:36:22,439 DEBUG [background-preinit][ValidatorFactoryConfigurationHelper.java:377] - HV000234: Using org.hibernate.validator.internal.util.ExecutableParameterNameProvider as ValidatorFactory-scoped parameter name provider.
2023-04-11 10:36:22,439 DEBUG [background-preinit][ValidatorFactoryConfigurationHelper.java:377] - HV000234: Using org.hibernate.validator.internal.util.ExecutableParameterNameProvider as ValidatorFactory-scoped parameter name provider.
2023-04-11 10:36:22,439 DEBUG [background-preinit][ValidatorFactoryConfigurationHelper.java:378] - HV000234: Using org.hibernate.validator.internal.engine.DefaultClockProvider as ValidatorFactory-scoped clock provider.
2023-04-11 10:36:22,439 DEBUG [background-preinit][ValidatorFactoryConfigurationHelper.java:378] - HV000234: Using org.hibernate.validator.internal.engine.DefaultClockProvider as ValidatorFactory-scoped clock provider.
2023-04-11 10:36:22,439 DEBUG [background-preinit][ValidatorFactoryConfigurationHelper.java:379] - HV000234: Using org.hibernate.validator.internal.engine.scripting.DefaultScriptEvaluatorFactory as ValidatorFactory-scoped script evaluator factory.
2023-04-11 10:36:22,439 DEBUG [background-preinit][ValidatorFactoryConfigurationHelper.java:379] - HV000234: Using org.hibernate.validator.internal.engine.scripting.DefaultScriptEvaluatorFactory as ValidatorFactory-scoped script evaluator factory.
2023-04-11 10:36:24,399 INFO [main][SpringApplication.java:655] - The following profiles are active: dev
2023-04-11 10:36:24,399 INFO [main][SpringApplication.java:655] - The following profiles are active: dev
2023-04-11 10:36:25,239 DEBUG [main][LogFactory.java:109] - Logging initialized using 'class org.apache.ibatis.logging.slf4j.Slf4jImpl' adapter.
2023-04-11 10:36:25,239 DEBUG [main][LogFactory.java:109] - Logging initialized using 'class org.apache.ibatis.logging.slf4j.Slf4jImpl' adapter.
2023-04-11 10:36:25,381 INFO [main][GenericScope.java:295] - BeanFactory id=14e3cc2b-ed10-3d05-bc8f-b68bfdb6b04e
2023-04-11 10:36:25,381 INFO [main][GenericScope.java:295] - BeanFactory id=14e3cc2b-ed10-3d05-bc8f-b68bfdb6b04e
2023-04-11 10:36:25,912 DEBUG [main][HikariConfig.java:946] - Driver class com.mysql.cj.jdbc.Driver found in Thread context class loader sun.misc.Launcher$AppClassLoader@18b4aac2
2023-04-11 10:36:25,912 DEBUG [main][HikariConfig.java:946] - Driver class com.mysql.cj.jdbc.Driver found in Thread context class loader sun.misc.Launcher$AppClassLoader@18b4aac2
2023-04-11 10:36:26,696 DEBUG [main][Logger.java:49] - Registered plugin: 'com.baomidou.mybatisplus.extension.plugins.MybatisPlusInterceptor@546e61d5'
2023-04-11 10:36:26,696 DEBUG [main][Logger.java:49] - Registered plugin: 'com.baomidou.mybatisplus.extension.plugins.MybatisPlusInterceptor@546e61d5'
2023-04-11 10:36:26,698 DEBUG [main][Logger.java:49] - Property 'mapperLocations' was not specified.
2023-04-11 10:36:26,698 DEBUG [main][Logger.java:49] - Property 'mapperLocations' was not specified.
2023-04-11 10:36:27,357 WARN [main][URLConfigurationSource.java:121] - No URLs will be polled as dynamic configuration sources.
2023-04-11 10:36:27,357 WARN [main][URLConfigurationSource.java:121] - No URLs will be polled as dynamic configuration sources.
2023-04-11 10:36:27,358 INFO [main][URLConfigurationSource.java:122] - To enable URLs as dynamic configuration sources, define System property archaius.configurationSource.additionalUrls or make config.properties available on classpath.
2023-04-11 10:36:27,358 INFO [main][URLConfigurationSource.java:122] - To enable URLs as dynamic configuration sources, define System property archaius.configurationSource.additionalUrls or make config.properties available on classpath.
2023-04-11 10:36:27,375 WARN [main][URLConfigurationSource.java:121] - No URLs will be polled as dynamic configuration sources.
2023-04-11 10:36:27,375 WARN [main][URLConfigurationSource.java:121] - No URLs will be polled as dynamic configuration sources.
2023-04-11 10:36:27,376 INFO [main][URLConfigurationSource.java:122] - To enable URLs as dynamic configuration sources, define System property archaius.configurationSource.additionalUrls or make config.properties available on classpath.
2023-04-11 10:36:27,376 INFO [main][URLConfigurationSource.java:122] - To enable URLs as dynamic configuration sources, define System property archaius.configurationSource.additionalUrls or make config.properties available on classpath.
2023-04-11 10:36:27,479 DEBUG [main][ResourceBundleMessageInterpolator.java:172] - Loaded expression factory via original TCCL
2023-04-11 10:36:27,479 DEBUG [main][ResourceBundleMessageInterpolator.java:172] - Loaded expression factory via original TCCL
2023-04-11 10:36:27,511 DEBUG [main][AbstractConfigurationImpl.java:171] - Setting custom MessageInterpolator of type org.springframework.validation.beanvalidation.LocaleContextMessageInterpolator
2023-04-11 10:36:27,511 DEBUG [main][AbstractConfigurationImpl.java:171] - Setting custom MessageInterpolator of type org.springframework.validation.beanvalidation.LocaleContextMessageInterpolator
2023-04-11 10:36:27,513 DEBUG [main][AbstractConfigurationImpl.java:203] - Setting custom ConstraintValidatorFactory of type org.springframework.validation.beanvalidation.SpringConstraintValidatorFactory
2023-04-11 10:36:27,513 DEBUG [main][AbstractConfigurationImpl.java:203] - Setting custom ConstraintValidatorFactory of type org.springframework.validation.beanvalidation.SpringConstraintValidatorFactory
2023-04-11 10:36:27,514 DEBUG [main][AbstractConfigurationImpl.java:217] - Setting custom ParameterNameProvider of type org.springframework.validation.beanvalidation.LocalValidatorFactoryBean$1
2023-04-11 10:36:27,514 DEBUG [main][AbstractConfigurationImpl.java:217] - Setting custom ParameterNameProvider of type org.springframework.validation.beanvalidation.LocalValidatorFactoryBean$1
2023-04-11 10:36:27,515 DEBUG [main][ValidationXmlParser.java:120] - Trying to load META-INF/validation.xml for XML based Validator configuration.
2023-04-11 10:36:27,515 DEBUG [main][ValidationXmlParser.java:120] - Trying to load META-INF/validation.xml for XML based Validator configuration.
2023-04-11 10:36:27,516 DEBUG [main][ResourceLoaderHelper.java:53] - Trying to load META-INF/validation.xml via user class loader
2023-04-11 10:36:27,516 DEBUG [main][ResourceLoaderHelper.java:53] - Trying to load META-INF/validation.xml via user class loader
2023-04-11 10:36:27,517 DEBUG [main][ResourceLoaderHelper.java:60] - Trying to load META-INF/validation.xml via TCCL
2023-04-11 10:36:27,517 DEBUG [main][ResourceLoaderHelper.java:60] - Trying to load META-INF/validation.xml via TCCL
2023-04-11 10:36:27,520 DEBUG [main][ResourceLoaderHelper.java:66] - Trying to load META-INF/validation.xml via Hibernate Validator's class loader
2023-04-11 10:36:27,520 DEBUG [main][ResourceLoaderHelper.java:66] - Trying to load META-INF/validation.xml via Hibernate Validator's class loader
2023-04-11 10:36:27,522 DEBUG [main][ValidationXmlParser.java:127] - No META-INF/validation.xml found. Using annotation based configuration only.
2023-04-11 10:36:27,522 DEBUG [main][ValidationXmlParser.java:127] - No META-INF/validation.xml found. Using annotation based configuration only.
2023-04-11 10:36:27,525 DEBUG [main][TraversableResolvers.java:60] - Cannot find javax.persistence.Persistence on classpath. Assuming non JPA 2 environment. All properties will per default be traversable.
2023-04-11 10:36:27,525 DEBUG [main][TraversableResolvers.java:60] - Cannot find javax.persistence.Persistence on classpath. Assuming non JPA 2 environment. All properties will per default be traversable.
2023-04-11 10:36:27,528 DEBUG [main][ValidatorFactoryConfigurationHelper.java:300] - HV000252: Using org.hibernate.validator.internal.engine.DefaultPropertyNodeNameProvider as property node name provider.
2023-04-11 10:36:27,528 DEBUG [main][ValidatorFactoryConfigurationHelper.java:300] - HV000252: Using org.hibernate.validator.internal.engine.DefaultPropertyNodeNameProvider as property node name provider.
2023-04-11 10:36:27,530 DEBUG [main][ValidatorFactoryConfigurationHelper.java:375] - HV000234: Using org.springframework.validation.beanvalidation.LocaleContextMessageInterpolator as ValidatorFactory-scoped message interpolator.
2023-04-11 10:36:27,530 DEBUG [main][ValidatorFactoryConfigurationHelper.java:375] - HV000234: Using org.springframework.validation.beanvalidation.LocaleContextMessageInterpolator as ValidatorFactory-scoped message interpolator.
2023-04-11 10:36:27,531 DEBUG [main][ValidatorFactoryConfigurationHelper.java:376] - HV000234: Using org.hibernate.validator.internal.engine.resolver.TraverseAllTraversableResolver as ValidatorFactory-scoped traversable resolver.
2023-04-11 10:36:27,531 DEBUG [main][ValidatorFactoryConfigurationHelper.java:376] - HV000234: Using org.hibernate.validator.internal.engine.resolver.TraverseAllTraversableResolver as ValidatorFactory-scoped traversable resolver.
2023-04-11 10:36:27,531 DEBUG [main][ValidatorFactoryConfigurationHelper.java:377] - HV000234: Using org.hibernate.validator.internal.util.ExecutableParameterNameProvider as ValidatorFactory-scoped parameter name provider.
2023-04-11 10:36:27,531 DEBUG [main][ValidatorFactoryConfigurationHelper.java:377] - HV000234: Using org.hibernate.validator.internal.util.ExecutableParameterNameProvider as ValidatorFactory-scoped parameter name provider.
2023-04-11 10:36:27,532 DEBUG [main][ValidatorFactoryConfigurationHelper.java:378] - HV000234: Using org.hibernate.validator.internal.engine.DefaultClockProvider as ValidatorFactory-scoped clock provider.
2023-04-11 10:36:27,532 DEBUG [main][ValidatorFactoryConfigurationHelper.java:378] - HV000234: Using org.hibernate.validator.internal.engine.DefaultClockProvider as ValidatorFactory-scoped clock provider.
2023-04-11 10:36:27,532 DEBUG [main][ValidatorFactoryConfigurationHelper.java:379] - HV000234: Using org.hibernate.validator.internal.engine.scripting.DefaultScriptEvaluatorFactory as ValidatorFactory-scoped script evaluator factory.
2023-04-11 10:36:27,532 DEBUG [main][ValidatorFactoryConfigurationHelper.java:379] - HV000234: Using org.hibernate.validator.internal.engine.scripting.DefaultScriptEvaluatorFactory as ValidatorFactory-scoped script evaluator factory.
2023-04-11 10:36:28,081 WARN [main][FreeMarkerAutoConfiguration.java:65] - Cannot find template location(s): [classpath:/templates/] (please add some templates, check your FreeMarker configuration, or set spring.freemarker.checkTemplateLocation=false)
2023-04-11 10:36:28,081 WARN [main][FreeMarkerAutoConfiguration.java:65] - Cannot find template location(s): [classpath:/templates/] (please add some templates, check your FreeMarker configuration, or set spring.freemarker.checkTemplateLocation=false)
2023-04-11 10:36:30,825 INFO [main][InetUtils.java:170] - Cannot determine local hostname
2023-04-11 10:36:30,825 INFO [main][InetUtils.java:170] - Cannot determine local hostname
2023-04-11 10:36:31,825 INFO [main][StartupInfoLogger.java:61] - Started CourseCategoryMapperTest in 11.612 seconds (JVM running for 14.278)
2023-04-11 10:36:31,825 INFO [main][StartupInfoLogger.java:61] - Started CourseCategoryMapperTest in 11.612 seconds (JVM running for 14.278)
2023-04-11 10:36:32,295 DEBUG [main][HikariConfig.java:1066] - HikariPool-1 - configuration:
2023-04-11 10:36:32,295 DEBUG [main][HikariConfig.java:1066] - HikariPool-1 - configuration:
2023-04-11 10:36:32,309 DEBUG [main][HikariConfig.java:1098] - allowPoolSuspension.............false
2023-04-11 10:36:32,309 DEBUG [main][HikariConfig.java:1098] - allowPoolSuspension.............false
2023-04-11 10:36:32,310 DEBUG [main][HikariConfig.java:1098] - autoCommit......................true
2023-04-11 10:36:32,310 DEBUG [main][HikariConfig.java:1098] - autoCommit......................true
2023-04-11 10:36:32,313 DEBUG [main][HikariConfig.java:1098] - catalog.........................none
2023-04-11 10:36:32,313 DEBUG [main][HikariConfig.java:1098] - catalog.........................none
2023-04-11 10:36:32,313 DEBUG [main][HikariConfig.java:1098] - connectionInitSql...............none
2023-04-11 10:36:32,313 DEBUG [main][HikariConfig.java:1098] - connectionInitSql...............none
2023-04-11 10:36:32,314 DEBUG [main][HikariConfig.java:1098] - connectionTestQuery.............none
2023-04-11 10:36:32,314 DEBUG [main][HikariConfig.java:1098] - connectionTestQuery.............none
2023-04-11 10:36:32,315 DEBUG [main][HikariConfig.java:1098] - connectionTimeout...............30000
2023-04-11 10:36:32,315 DEBUG [main][HikariConfig.java:1098] - connectionTimeout...............30000
2023-04-11 10:36:32,316 DEBUG [main][HikariConfig.java:1098] - dataSource......................none
2023-04-11 10:36:32,316 DEBUG [main][HikariConfig.java:1098] - dataSource......................none
2023-04-11 10:36:32,316 DEBUG [main][HikariConfig.java:1098] - dataSourceClassName.............none
2023-04-11 10:36:32,318 DEBUG [main][HikariConfig.java:1098] - dataSourceJNDI..................none
2023-04-11 10:36:32,320 DEBUG [main][HikariConfig.java:1098] - dataSourceProperties............{password=<masked>}
2023-04-11 10:36:32,316 DEBUG [main][HikariConfig.java:1098] - dataSourceClassName.............none
2023-04-11 10:36:32,318 DEBUG [main][HikariConfig.java:1098] - dataSourceJNDI..................none
2023-04-11 10:36:32,320 DEBUG [main][HikariConfig.java:1098] - dataSourceProperties............{password=<masked>}
2023-04-11 10:36:32,323 DEBUG [main][HikariConfig.java:1098] - driverClassName................."com.mysql.cj.jdbc.Driver"
2023-04-11 10:36:32,323 DEBUG [main][HikariConfig.java:1098] - driverClassName................."com.mysql.cj.jdbc.Driver"
2023-04-11 10:36:32,324 DEBUG [main][HikariConfig.java:1098] - exceptionOverrideClassName......none
2023-04-11 10:36:32,324 DEBUG [main][HikariConfig.java:1098] - exceptionOverrideClassName......none
2023-04-11 10:36:32,325 DEBUG [main][HikariConfig.java:1098] - healthCheckProperties...........{}
2023-04-11 10:36:32,325 DEBUG [main][HikariConfig.java:1098] - healthCheckProperties...........{}
2023-04-11 10:36:32,325 DEBUG [main][HikariConfig.java:1098] - healthCheckRegistry.............none
2023-04-11 10:36:32,325 DEBUG [main][HikariConfig.java:1098] - healthCheckRegistry.............none
2023-04-11 10:36:32,326 DEBUG [main][HikariConfig.java:1098] - idleTimeout.....................600000
2023-04-11 10:36:32,326 DEBUG [main][HikariConfig.java:1098] - idleTimeout.....................600000
2023-04-11 10:36:32,326 DEBUG [main][HikariConfig.java:1098] - initializationFailTimeout.......1
2023-04-11 10:36:32,326 DEBUG [main][HikariConfig.java:1098] - initializationFailTimeout.......1
2023-04-11 10:36:32,327 DEBUG [main][HikariConfig.java:1098] - isolateInternalQueries..........false
2023-04-11 10:36:32,327 DEBUG [main][HikariConfig.java:1098] - isolateInternalQueries..........false
2023-04-11 10:36:32,328 DEBUG [main][HikariConfig.java:1098] - jdbcUrl.........................jdbc:mysql://127.0.0.1:3306/xc_content?serverTimezone=UTC&userUnicode=true&useSSL=false&
2023-04-11 10:36:32,328 DEBUG [main][HikariConfig.java:1098] - jdbcUrl.........................jdbc:mysql://127.0.0.1:3306/xc_content?serverTimezone=UTC&userUnicode=true&useSSL=false&
2023-04-11 10:36:32,329 DEBUG [main][HikariConfig.java:1098] - leakDetectionThreshold..........0
2023-04-11 10:36:32,329 DEBUG [main][HikariConfig.java:1098] - leakDetectionThreshold..........0
2023-04-11 10:36:32,329 DEBUG [main][HikariConfig.java:1098] - maxLifetime.....................1800000
2023-04-11 10:36:32,329 DEBUG [main][HikariConfig.java:1098] - maxLifetime.....................1800000
2023-04-11 10:36:32,331 DEBUG [main][HikariConfig.java:1098] - maximumPoolSize.................10
2023-04-11 10:36:32,331 DEBUG [main][HikariConfig.java:1098] - maximumPoolSize.................10
2023-04-11 10:36:32,332 DEBUG [main][HikariConfig.java:1098] - metricRegistry..................none
2023-04-11 10:36:32,332 DEBUG [main][HikariConfig.java:1098] - metricRegistry..................none
2023-04-11 10:36:32,333 DEBUG [main][HikariConfig.java:1098] - metricsTrackerFactory...........none
2023-04-11 10:36:32,333 DEBUG [main][HikariConfig.java:1098] - metricsTrackerFactory...........none
2023-04-11 10:36:32,333 DEBUG [main][HikariConfig.java:1098] - minimumIdle.....................10
2023-04-11 10:36:32,333 DEBUG [main][HikariConfig.java:1098] - minimumIdle.....................10
2023-04-11 10:36:32,334 DEBUG [main][HikariConfig.java:1098] - password........................<masked>
2023-04-11 10:36:32,334 DEBUG [main][HikariConfig.java:1098] - password........................<masked>
2023-04-11 10:36:32,335 DEBUG [main][HikariConfig.java:1098] - poolName........................"HikariPool-1"
2023-04-11 10:36:32,335 DEBUG [main][HikariConfig.java:1098] - poolName........................"HikariPool-1"
2023-04-11 10:36:32,340 DEBUG [main][HikariConfig.java:1098] - readOnly........................false
2023-04-11 10:36:32,340 DEBUG [main][HikariConfig.java:1098] - readOnly........................false
2023-04-11 10:36:32,343 DEBUG [main][HikariConfig.java:1098] - registerMbeans..................false
2023-04-11 10:36:32,343 DEBUG [main][HikariConfig.java:1098] - registerMbeans..................false
2023-04-11 10:36:32,345 DEBUG [main][HikariConfig.java:1098] - scheduledExecutor...............none
2023-04-11 10:36:32,345 DEBUG [main][HikariConfig.java:1098] - scheduledExecutor...............none
2023-04-11 10:36:32,347 DEBUG [main][HikariConfig.java:1098] - schema..........................none
2023-04-11 10:36:32,347 DEBUG [main][HikariConfig.java:1098] - schema..........................none
2023-04-11 10:36:32,349 DEBUG [main][HikariConfig.java:1098] - threadFactory...................internal
2023-04-11 10:36:32,349 DEBUG [main][HikariConfig.java:1098] - threadFactory...................internal
2023-04-11 10:36:32,350 DEBUG [main][HikariConfig.java:1098] - transactionIsolation............default
2023-04-11 10:36:32,350 DEBUG [main][HikariConfig.java:1098] - transactionIsolation............default
2023-04-11 10:36:32,351 DEBUG [main][HikariConfig.java:1098] - username........................"root"
2023-04-11 10:36:32,351 DEBUG [main][HikariConfig.java:1098] - username........................"root"
2023-04-11 10:36:32,353 DEBUG [main][HikariConfig.java:1098] - validationTimeout...............5000
2023-04-11 10:36:32,353 DEBUG [main][HikariConfig.java:1098] - validationTimeout...............5000
2023-04-11 10:36:32,353 INFO [main][HikariDataSource.java:110] - HikariPool-1 - Starting...
2023-04-11 10:36:32,353 INFO [main][HikariDataSource.java:110] - HikariPool-1 - Starting...
2023-04-11 10:36:32,730 DEBUG [main][HikariPool.java:564] - HikariPool-1 - Added connection com.mysql.cj.jdbc.ConnectionImpl@5a05dd30
2023-04-11 10:36:32,730 DEBUG [main][HikariPool.java:564] - HikariPool-1 - Added connection com.mysql.cj.jdbc.ConnectionImpl@5a05dd30
2023-04-11 10:36:32,732 INFO [main][HikariDataSource.java:123] - HikariPool-1 - Start completed.
2023-04-11 10:36:32,732 INFO [main][HikariDataSource.java:123] - HikariPool-1 - Start completed.
2023-04-11 10:36:32,740 DEBUG [main][BaseJdbcLogger.java:137] - ==>  Preparing: with recursive t1 as ( select * from course_category p where id= ? union all select t.* from course_category t inner join t1 on t1.id = t.parentid ) select * from t1 order by t1.id, t1.orderby
2023-04-11 10:36:32,740 DEBUG [main][BaseJdbcLogger.java:137] - ==>  Preparing: with recursive t1 as ( select * from course_category p where id= ? union all select t.* from course_category t inner join t1 on t1.id = t.parentid ) select * from t1 order by t1.id, t1.orderby
2023-04-11 10:36:32,772 DEBUG [main][BaseJdbcLogger.java:137] - ==> Parameters: 1(String)
2023-04-11 10:36:32,772 DEBUG [main][BaseJdbcLogger.java:137] - ==> Parameters: 1(String)
2023-04-11 10:36:32,825 DEBUG [main][BaseJdbcLogger.java:137] - <==      Total: 144
2023-04-11 10:36:32,825 DEBUG [main][BaseJdbcLogger.java:137] - <==      Total: 144
2023-04-11 10:36:32,835 DEBUG [HikariPool-1 housekeeper][HikariPool.java:421] - HikariPool-1 - Pool stats (total=1, active=0, idle=1, waiting=0)
2023-04-11 10:36:32,835 DEBUG [HikariPool-1 housekeeper][HikariPool.java:421] - HikariPool-1 - Pool stats (total=1, active=0, idle=1, waiting=0)
2023-04-11 10:36:32,842 DEBUG [HikariPool-1 connection adder][HikariPool.java:728] - HikariPool-1 - Added connection com.mysql.cj.jdbc.ConnectionImpl@52da6ec5
2023-04-11 10:36:32,842 DEBUG [HikariPool-1 connection adder][HikariPool.java:728] - HikariPool-1 - Added connection com.mysql.cj.jdbc.ConnectionImpl@52da6ec5
2023-04-11 10:36:32,846 DEBUG [HikariPool-1 connection adder][HikariPool.java:728] - HikariPool-1 - Added connection com.mysql.cj.jdbc.ConnectionImpl@13e764fe
2023-04-11 10:36:32,846 DEBUG [HikariPool-1 connection adder][HikariPool.java:728] - HikariPool-1 - Added connection com.mysql.cj.jdbc.ConnectionImpl@13e764fe
2023-04-11 10:36:32,850 DEBUG [HikariPool-1 connection adder][HikariPool.java:728] - HikariPool-1 - Added connection com.mysql.cj.jdbc.ConnectionImpl@223e776e
2023-04-11 10:36:32,850 DEBUG [HikariPool-1 connection adder][HikariPool.java:728] - HikariPool-1 - Added connection com.mysql.cj.jdbc.ConnectionImpl@223e776e
2023-04-11 10:36:32,860 DEBUG [HikariPool-1 connection adder][HikariPool.java:728] - HikariPool-1 - Added connection com.mysql.cj.jdbc.ConnectionImpl@73c89bb1
2023-04-11 10:36:32,860 DEBUG [HikariPool-1 connection adder][HikariPool.java:728] - HikariPool-1 - Added connection com.mysql.cj.jdbc.ConnectionImpl@73c89bb1
2023-04-11 10:36:32,866 DEBUG [HikariPool-1 connection adder][HikariPool.java:728] - HikariPool-1 - Added connection com.mysql.cj.jdbc.ConnectionImpl@1d7c30da
2023-04-11 10:36:32,866 DEBUG [HikariPool-1 connection adder][HikariPool.java:728] - HikariPool-1 - Added connection com.mysql.cj.jdbc.ConnectionImpl@1d7c30da
2023-04-11 10:36:32,871 DEBUG [HikariPool-1 connection adder][HikariPool.java:728] - HikariPool-1 - Added connection com.mysql.cj.jdbc.ConnectionImpl@778684c0
2023-04-11 10:36:32,871 DEBUG [HikariPool-1 connection adder][HikariPool.java:728] - HikariPool-1 - Added connection com.mysql.cj.jdbc.ConnectionImpl@778684c0
2023-04-11 10:36:32,877 DEBUG [HikariPool-1 connection adder][HikariPool.java:728] - HikariPool-1 - Added connection com.mysql.cj.jdbc.ConnectionImpl@66eba8fb
2023-04-11 10:36:32,877 DEBUG [HikariPool-1 connection adder][HikariPool.java:728] - HikariPool-1 - Added connection com.mysql.cj.jdbc.ConnectionImpl@66eba8fb
2023-04-11 10:36:32,882 INFO [SpringContextShutdownHook][HikariDataSource.java:350] - HikariPool-1 - Shutdown initiated...
2023-04-11 10:36:32,882 INFO [SpringContextShutdownHook][HikariDataSource.java:350] - HikariPool-1 - Shutdown initiated...
2023-04-11 10:36:32,884 DEBUG [SpringContextShutdownHook][HikariPool.java:421] - HikariPool-1 - Before shutdown stats (total=8, active=0, idle=8, waiting=0)
2023-04-11 10:36:32,884 DEBUG [SpringContextShutdownHook][HikariPool.java:421] - HikariPool-1 - Before shutdown stats (total=8, active=0, idle=8, waiting=0)
2023-04-11 10:36:32,889 DEBUG [HikariPool-1 connection adder][HikariPool.java:728] - HikariPool-1 - Added connection com.mysql.cj.jdbc.ConnectionImpl@2cff72d6
2023-04-11 10:36:32,889 DEBUG [HikariPool-1 connection adder][HikariPool.java:728] - HikariPool-1 - Added connection com.mysql.cj.jdbc.ConnectionImpl@2cff72d6
2023-04-11 10:36:32,892 DEBUG [HikariPool-1 connection closer][PoolBase.java:134] - HikariPool-1 - Closing connection com.mysql.cj.jdbc.ConnectionImpl@5a05dd30: (connection evicted)
2023-04-11 10:36:32,892 DEBUG [HikariPool-1 connection closer][PoolBase.java:134] - HikariPool-1 - Closing connection com.mysql.cj.jdbc.ConnectionImpl@5a05dd30: (connection evicted)
2023-04-11 10:36:32,901 DEBUG [HikariPool-1 connection closer][PoolBase.java:134] - HikariPool-1 - Closing connection com.mysql.cj.jdbc.ConnectionImpl@52da6ec5: (connection evicted)
2023-04-11 10:36:32,901 DEBUG [HikariPool-1 connection closer][PoolBase.java:134] - HikariPool-1 - Closing connection com.mysql.cj.jdbc.ConnectionImpl@52da6ec5: (connection evicted)
2023-04-11 10:36:32,902 DEBUG [HikariPool-1 connection closer][PoolBase.java:134] - HikariPool-1 - Closing connection com.mysql.cj.jdbc.ConnectionImpl@13e764fe: (connection evicted)
2023-04-11 10:36:32,902 DEBUG [HikariPool-1 connection closer][PoolBase.java:134] - HikariPool-1 - Closing connection com.mysql.cj.jdbc.ConnectionImpl@13e764fe: (connection evicted)
2023-04-11 10:36:32,903 DEBUG [HikariPool-1 connection closer][PoolBase.java:134] - HikariPool-1 - Closing connection com.mysql.cj.jdbc.ConnectionImpl@223e776e: (connection evicted)
2023-04-11 10:36:32,903 DEBUG [HikariPool-1 connection closer][PoolBase.java:134] - HikariPool-1 - Closing connection com.mysql.cj.jdbc.ConnectionImpl@223e776e: (connection evicted)
2023-04-11 10:36:32,903 DEBUG [HikariPool-1 connection closer][PoolBase.java:134] - HikariPool-1 - Closing connection com.mysql.cj.jdbc.ConnectionImpl@73c89bb1: (connection evicted)
2023-04-11 10:36:32,903 DEBUG [HikariPool-1 connection closer][PoolBase.java:134] - HikariPool-1 - Closing connection com.mysql.cj.jdbc.ConnectionImpl@73c89bb1: (connection evicted)
2023-04-11 10:36:32,904 DEBUG [HikariPool-1 connection closer][PoolBase.java:134] - HikariPool-1 - Closing connection com.mysql.cj.jdbc.ConnectionImpl@1d7c30da: (connection evicted)
2023-04-11 10:36:32,904 DEBUG [HikariPool-1 connection closer][PoolBase.java:134] - HikariPool-1 - Closing connection com.mysql.cj.jdbc.ConnectionImpl@1d7c30da: (connection evicted)
2023-04-11 10:36:32,904 DEBUG [HikariPool-1 connection closer][PoolBase.java:134] - HikariPool-1 - Closing connection com.mysql.cj.jdbc.ConnectionImpl@778684c0: (connection evicted)
2023-04-11 10:36:32,904 DEBUG [HikariPool-1 connection closer][PoolBase.java:134] - HikariPool-1 - Closing connection com.mysql.cj.jdbc.ConnectionImpl@778684c0: (connection evicted)
2023-04-11 10:36:32,905 DEBUG [HikariPool-1 connection closer][PoolBase.java:134] - HikariPool-1 - Closing connection com.mysql.cj.jdbc.ConnectionImpl@66eba8fb: (connection evicted)
2023-04-11 10:36:32,905 DEBUG [HikariPool-1 connection closer][PoolBase.java:134] - HikariPool-1 - Closing connection com.mysql.cj.jdbc.ConnectionImpl@66eba8fb: (connection evicted)
2023-04-11 10:36:32,906 DEBUG [HikariPool-1 connection closer][PoolBase.java:134] - HikariPool-1 - Closing connection com.mysql.cj.jdbc.ConnectionImpl@2cff72d6: (connection evicted)
2023-04-11 10:36:32,906 DEBUG [HikariPool-1 connection closer][PoolBase.java:134] - HikariPool-1 - Closing connection com.mysql.cj.jdbc.ConnectionImpl@2cff72d6: (connection evicted)
2023-04-11 10:36:32,906 DEBUG [SpringContextShutdownHook][HikariPool.java:421] - HikariPool-1 - After shutdown stats (total=0, active=0, idle=0, waiting=0)
2023-04-11 10:36:32,906 DEBUG [SpringContextShutdownHook][HikariPool.java:421] - HikariPool-1 - After shutdown stats (total=0, active=0, idle=0, waiting=0)
2023-04-11 10:36:32,906 INFO [SpringContextShutdownHook][HikariDataSource.java:352] - HikariPool-1 - Shutdown completed.
2023-04-11 10:36:32,906 INFO [SpringContextShutdownHook][HikariDataSource.java:352] - HikariPool-1 - Shutdown completed.
