2023-04-10 18:24:52,806 DEBUG [background-preinit][LoggerProviders.java:152] - Logging Provider: org.jboss.logging.Log4j2LoggerProvider
2023-04-10 18:24:52,806 DEBUG [background-preinit][LoggerProviders.java:152] - Logging Provider: org.jboss.logging.Log4j2LoggerProvider
2023-04-10 18:24:52,816 INFO [background-preinit][Version.java:21] - HV000001: Hibernate Validator 6.1.6.Final
2023-04-10 18:24:52,816 INFO [background-preinit][Version.java:21] - HV000001: Hibernate Validator 6.1.6.Final
2023-04-10 18:24:52,829 DEBUG [background-preinit][ValidationXmlParser.java:120] - Trying to load META-INF/validation.xml for XML based Validator configuration.
2023-04-10 18:24:52,829 DEBUG [background-preinit][ValidationXmlParser.java:120] - Trying to load META-INF/validation.xml for XML based Validator configuration.
2023-04-10 18:24:52,831 DEBUG [background-preinit][ResourceLoaderHelper.java:60] - Trying to load META-INF/validation.xml via TCCL
2023-04-10 18:24:52,831 DEBUG [background-preinit][ResourceLoaderHelper.java:60] - Trying to load META-INF/validation.xml via TCCL
2023-04-10 18:24:52,832 DEBUG [background-preinit][ResourceLoaderHelper.java:66] - Trying to load META-INF/validation.xml via Hibernate Validator's class loader
2023-04-10 18:24:52,832 DEBUG [background-preinit][ResourceLoaderHelper.java:66] - Trying to load META-INF/validation.xml via Hibernate Validator's class loader
2023-04-10 18:24:52,833 DEBUG [background-preinit][ValidationXmlParser.java:127] - No META-INF/validation.xml found. Using annotation based configuration only.
2023-04-10 18:24:52,833 DEBUG [background-preinit][ValidationXmlParser.java:127] - No META-INF/validation.xml found. Using annotation based configuration only.
2023-04-10 18:24:52,839 DEBUG [background-preinit][TraversableResolvers.java:60] - Cannot find javax.persistence.Persistence on classpath. Assuming non JPA 2 environment. All properties will per default be traversable.
2023-04-10 18:24:52,839 DEBUG [background-preinit][TraversableResolvers.java:60] - Cannot find javax.persistence.Persistence on classpath. Assuming non JPA 2 environment. All properties will per default be traversable.
2023-04-10 18:24:52,885 DEBUG [background-preinit][ResourceBundleMessageInterpolator.java:172] - Loaded expression factory via original TCCL
2023-04-10 18:24:52,885 DEBUG [background-preinit][ResourceBundleMessageInterpolator.java:172] - Loaded expression factory via original TCCL
2023-04-10 18:24:53,132 DEBUG [background-preinit][ValidatorFactoryConfigurationHelper.java:300] - HV000252: Using org.hibernate.validator.internal.engine.DefaultPropertyNodeNameProvider as property node name provider.
2023-04-10 18:24:53,132 DEBUG [background-preinit][ValidatorFactoryConfigurationHelper.java:300] - HV000252: Using org.hibernate.validator.internal.engine.DefaultPropertyNodeNameProvider as property node name provider.
2023-04-10 18:24:53,145 DEBUG [background-preinit][ValidatorFactoryConfigurationHelper.java:375] - HV000234: Using org.hibernate.validator.messageinterpolation.ResourceBundleMessageInterpolator as ValidatorFactory-scoped message interpolator.
2023-04-10 18:24:53,145 DEBUG [background-preinit][ValidatorFactoryConfigurationHelper.java:375] - HV000234: Using org.hibernate.validator.messageinterpolation.ResourceBundleMessageInterpolator as ValidatorFactory-scoped message interpolator.
2023-04-10 18:24:53,145 DEBUG [background-preinit][ValidatorFactoryConfigurationHelper.java:376] - HV000234: Using org.hibernate.validator.internal.engine.resolver.TraverseAllTraversableResolver as ValidatorFactory-scoped traversable resolver.
2023-04-10 18:24:53,145 DEBUG [background-preinit][ValidatorFactoryConfigurationHelper.java:376] - HV000234: Using org.hibernate.validator.internal.engine.resolver.TraverseAllTraversableResolver as ValidatorFactory-scoped traversable resolver.
2023-04-10 18:24:53,145 DEBUG [background-preinit][ValidatorFactoryConfigurationHelper.java:377] - HV000234: Using org.hibernate.validator.internal.util.ExecutableParameterNameProvider as ValidatorFactory-scoped parameter name provider.
2023-04-10 18:24:53,145 DEBUG [background-preinit][ValidatorFactoryConfigurationHelper.java:377] - HV000234: Using org.hibernate.validator.internal.util.ExecutableParameterNameProvider as ValidatorFactory-scoped parameter name provider.
2023-04-10 18:24:53,146 DEBUG [background-preinit][ValidatorFactoryConfigurationHelper.java:378] - HV000234: Using org.hibernate.validator.internal.engine.DefaultClockProvider as ValidatorFactory-scoped clock provider.
2023-04-10 18:24:53,146 DEBUG [background-preinit][ValidatorFactoryConfigurationHelper.java:378] - HV000234: Using org.hibernate.validator.internal.engine.DefaultClockProvider as ValidatorFactory-scoped clock provider.
2023-04-10 18:24:53,146 DEBUG [background-preinit][ValidatorFactoryConfigurationHelper.java:379] - HV000234: Using org.hibernate.validator.internal.engine.scripting.DefaultScriptEvaluatorFactory as ValidatorFactory-scoped script evaluator factory.
2023-04-10 18:24:53,146 DEBUG [background-preinit][ValidatorFactoryConfigurationHelper.java:379] - HV000234: Using org.hibernate.validator.internal.engine.scripting.DefaultScriptEvaluatorFactory as ValidatorFactory-scoped script evaluator factory.
2023-04-10 18:24:54,903 INFO [main][SpringApplication.java:655] - The following profiles are active: dev
2023-04-10 18:24:54,903 INFO [main][SpringApplication.java:655] - The following profiles are active: dev
2023-04-10 18:24:55,505 DEBUG [main][LogFactory.java:109] - Logging initialized using 'class org.apache.ibatis.logging.slf4j.Slf4jImpl' adapter.
2023-04-10 18:24:55,505 DEBUG [main][LogFactory.java:109] - Logging initialized using 'class org.apache.ibatis.logging.slf4j.Slf4jImpl' adapter.
2023-04-10 18:24:55,589 INFO [main][GenericScope.java:295] - BeanFactory id=0b8f17a5-cdb3-37b0-99ed-b98ff988227d
2023-04-10 18:24:55,589 INFO [main][GenericScope.java:295] - BeanFactory id=0b8f17a5-cdb3-37b0-99ed-b98ff988227d
2023-04-10 18:24:55,886 DEBUG [main][HikariConfig.java:946] - Driver class com.mysql.cj.jdbc.Driver found in Thread context class loader sun.misc.Launcher$AppClassLoader@18b4aac2
2023-04-10 18:24:55,886 DEBUG [main][HikariConfig.java:946] - Driver class com.mysql.cj.jdbc.Driver found in Thread context class loader sun.misc.Launcher$AppClassLoader@18b4aac2
2023-04-10 18:24:56,433 DEBUG [main][Logger.java:49] - Registered plugin: 'com.baomidou.mybatisplus.extension.plugins.MybatisPlusInterceptor@78e22d35'
2023-04-10 18:24:56,433 DEBUG [main][Logger.java:49] - Registered plugin: 'com.baomidou.mybatisplus.extension.plugins.MybatisPlusInterceptor@78e22d35'
2023-04-10 18:24:56,435 DEBUG [main][Logger.java:49] - Property 'mapperLocations' was not specified.
2023-04-10 18:24:56,435 DEBUG [main][Logger.java:49] - Property 'mapperLocations' was not specified.
2023-04-10 18:24:56,851 WARN [main][URLConfigurationSource.java:121] - No URLs will be polled as dynamic configuration sources.
2023-04-10 18:24:56,851 WARN [main][URLConfigurationSource.java:121] - No URLs will be polled as dynamic configuration sources.
2023-04-10 18:24:56,851 INFO [main][URLConfigurationSource.java:122] - To enable URLs as dynamic configuration sources, define System property archaius.configurationSource.additionalUrls or make config.properties available on classpath.
2023-04-10 18:24:56,851 INFO [main][URLConfigurationSource.java:122] - To enable URLs as dynamic configuration sources, define System property archaius.configurationSource.additionalUrls or make config.properties available on classpath.
2023-04-10 18:24:56,862 WARN [main][URLConfigurationSource.java:121] - No URLs will be polled as dynamic configuration sources.
2023-04-10 18:24:56,862 WARN [main][URLConfigurationSource.java:121] - No URLs will be polled as dynamic configuration sources.
2023-04-10 18:24:56,862 INFO [main][URLConfigurationSource.java:122] - To enable URLs as dynamic configuration sources, define System property archaius.configurationSource.additionalUrls or make config.properties available on classpath.
2023-04-10 18:24:56,862 INFO [main][URLConfigurationSource.java:122] - To enable URLs as dynamic configuration sources, define System property archaius.configurationSource.additionalUrls or make config.properties available on classpath.
2023-04-10 18:24:56,925 DEBUG [main][ResourceBundleMessageInterpolator.java:172] - Loaded expression factory via original TCCL
2023-04-10 18:24:56,925 DEBUG [main][ResourceBundleMessageInterpolator.java:172] - Loaded expression factory via original TCCL
2023-04-10 18:24:56,938 DEBUG [main][AbstractConfigurationImpl.java:171] - Setting custom MessageInterpolator of type org.springframework.validation.beanvalidation.LocaleContextMessageInterpolator
2023-04-10 18:24:56,938 DEBUG [main][AbstractConfigurationImpl.java:171] - Setting custom MessageInterpolator of type org.springframework.validation.beanvalidation.LocaleContextMessageInterpolator
2023-04-10 18:24:56,938 DEBUG [main][AbstractConfigurationImpl.java:203] - Setting custom ConstraintValidatorFactory of type org.springframework.validation.beanvalidation.SpringConstraintValidatorFactory
2023-04-10 18:24:56,938 DEBUG [main][AbstractConfigurationImpl.java:203] - Setting custom ConstraintValidatorFactory of type org.springframework.validation.beanvalidation.SpringConstraintValidatorFactory
2023-04-10 18:24:56,939 DEBUG [main][AbstractConfigurationImpl.java:217] - Setting custom ParameterNameProvider of type org.springframework.validation.beanvalidation.LocalValidatorFactoryBean$1
2023-04-10 18:24:56,939 DEBUG [main][AbstractConfigurationImpl.java:217] - Setting custom ParameterNameProvider of type org.springframework.validation.beanvalidation.LocalValidatorFactoryBean$1
2023-04-10 18:24:56,941 DEBUG [main][ValidationXmlParser.java:120] - Trying to load META-INF/validation.xml for XML based Validator configuration.
2023-04-10 18:24:56,941 DEBUG [main][ValidationXmlParser.java:120] - Trying to load META-INF/validation.xml for XML based Validator configuration.
2023-04-10 18:24:56,941 DEBUG [main][ResourceLoaderHelper.java:53] - Trying to load META-INF/validation.xml via user class loader
2023-04-10 18:24:56,941 DEBUG [main][ResourceLoaderHelper.java:53] - Trying to load META-INF/validation.xml via user class loader
2023-04-10 18:24:56,942 DEBUG [main][ResourceLoaderHelper.java:60] - Trying to load META-INF/validation.xml via TCCL
2023-04-10 18:24:56,942 DEBUG [main][ResourceLoaderHelper.java:60] - Trying to load META-INF/validation.xml via TCCL
2023-04-10 18:24:56,943 DEBUG [main][ResourceLoaderHelper.java:66] - Trying to load META-INF/validation.xml via Hibernate Validator's class loader
2023-04-10 18:24:56,943 DEBUG [main][ResourceLoaderHelper.java:66] - Trying to load META-INF/validation.xml via Hibernate Validator's class loader
2023-04-10 18:24:56,944 DEBUG [main][ValidationXmlParser.java:127] - No META-INF/validation.xml found. Using annotation based configuration only.
2023-04-10 18:24:56,944 DEBUG [main][ValidationXmlParser.java:127] - No META-INF/validation.xml found. Using annotation based configuration only.
2023-04-10 18:24:56,945 DEBUG [main][TraversableResolvers.java:60] - Cannot find javax.persistence.Persistence on classpath. Assuming non JPA 2 environment. All properties will per default be traversable.
2023-04-10 18:24:56,945 DEBUG [main][TraversableResolvers.java:60] - Cannot find javax.persistence.Persistence on classpath. Assuming non JPA 2 environment. All properties will per default be traversable.
2023-04-10 18:24:56,948 DEBUG [main][ValidatorFactoryConfigurationHelper.java:300] - HV000252: Using org.hibernate.validator.internal.engine.DefaultPropertyNodeNameProvider as property node name provider.
2023-04-10 18:24:56,948 DEBUG [main][ValidatorFactoryConfigurationHelper.java:300] - HV000252: Using org.hibernate.validator.internal.engine.DefaultPropertyNodeNameProvider as property node name provider.
2023-04-10 18:24:56,948 DEBUG [main][ValidatorFactoryConfigurationHelper.java:375] - HV000234: Using org.springframework.validation.beanvalidation.LocaleContextMessageInterpolator as ValidatorFactory-scoped message interpolator.
2023-04-10 18:24:56,948 DEBUG [main][ValidatorFactoryConfigurationHelper.java:375] - HV000234: Using org.springframework.validation.beanvalidation.LocaleContextMessageInterpolator as ValidatorFactory-scoped message interpolator.
2023-04-10 18:24:56,949 DEBUG [main][ValidatorFactoryConfigurationHelper.java:376] - HV000234: Using org.hibernate.validator.internal.engine.resolver.TraverseAllTraversableResolver as ValidatorFactory-scoped traversable resolver.
2023-04-10 18:24:56,949 DEBUG [main][ValidatorFactoryConfigurationHelper.java:376] - HV000234: Using org.hibernate.validator.internal.engine.resolver.TraverseAllTraversableResolver as ValidatorFactory-scoped traversable resolver.
2023-04-10 18:24:56,949 DEBUG [main][ValidatorFactoryConfigurationHelper.java:377] - HV000234: Using org.hibernate.validator.internal.util.ExecutableParameterNameProvider as ValidatorFactory-scoped parameter name provider.
2023-04-10 18:24:56,949 DEBUG [main][ValidatorFactoryConfigurationHelper.java:377] - HV000234: Using org.hibernate.validator.internal.util.ExecutableParameterNameProvider as ValidatorFactory-scoped parameter name provider.
2023-04-10 18:24:56,949 DEBUG [main][ValidatorFactoryConfigurationHelper.java:378] - HV000234: Using org.hibernate.validator.internal.engine.DefaultClockProvider as ValidatorFactory-scoped clock provider.
2023-04-10 18:24:56,949 DEBUG [main][ValidatorFactoryConfigurationHelper.java:378] - HV000234: Using org.hibernate.validator.internal.engine.DefaultClockProvider as ValidatorFactory-scoped clock provider.
2023-04-10 18:24:56,950 DEBUG [main][ValidatorFactoryConfigurationHelper.java:379] - HV000234: Using org.hibernate.validator.internal.engine.scripting.DefaultScriptEvaluatorFactory as ValidatorFactory-scoped script evaluator factory.
2023-04-10 18:24:56,950 DEBUG [main][ValidatorFactoryConfigurationHelper.java:379] - HV000234: Using org.hibernate.validator.internal.engine.scripting.DefaultScriptEvaluatorFactory as ValidatorFactory-scoped script evaluator factory.
2023-04-10 18:24:57,175 WARN [main][FreeMarkerAutoConfiguration.java:65] - Cannot find template location(s): [classpath:/templates/] (please add some templates, check your FreeMarker configuration, or set spring.freemarker.checkTemplateLocation=false)
2023-04-10 18:24:57,175 WARN [main][FreeMarkerAutoConfiguration.java:65] - Cannot find template location(s): [classpath:/templates/] (please add some templates, check your FreeMarker configuration, or set spring.freemarker.checkTemplateLocation=false)
2023-04-10 18:24:58,820 INFO [main][InetUtils.java:170] - Cannot determine local hostname
2023-04-10 18:24:58,820 INFO [main][InetUtils.java:170] - Cannot determine local hostname
2023-04-10 18:24:59,810 INFO [main][StartupInfoLogger.java:61] - Started CourseBaseMapperTests in 8.692 seconds (JVM running for 10.739)
2023-04-10 18:24:59,810 INFO [main][StartupInfoLogger.java:61] - Started CourseBaseMapperTests in 8.692 seconds (JVM running for 10.739)
2023-04-10 18:25:00,240 DEBUG [main][HikariConfig.java:1066] - HikariPool-1 - configuration:
2023-04-10 18:25:00,240 DEBUG [main][HikariConfig.java:1066] - HikariPool-1 - configuration:
2023-04-10 18:25:00,242 DEBUG [main][HikariConfig.java:1098] - allowPoolSuspension.............false
2023-04-10 18:25:00,242 DEBUG [main][HikariConfig.java:1098] - allowPoolSuspension.............false
2023-04-10 18:25:00,243 DEBUG [main][HikariConfig.java:1098] - autoCommit......................true
2023-04-10 18:25:00,243 DEBUG [main][HikariConfig.java:1098] - autoCommit......................true
2023-04-10 18:25:00,243 DEBUG [main][HikariConfig.java:1098] - catalog.........................none
2023-04-10 18:25:00,243 DEBUG [main][HikariConfig.java:1098] - catalog.........................none
2023-04-10 18:25:00,244 DEBUG [main][HikariConfig.java:1098] - connectionInitSql...............none
2023-04-10 18:25:00,244 DEBUG [main][HikariConfig.java:1098] - connectionInitSql...............none
2023-04-10 18:25:00,244 DEBUG [main][HikariConfig.java:1098] - connectionTestQuery.............none
2023-04-10 18:25:00,244 DEBUG [main][HikariConfig.java:1098] - connectionTestQuery.............none
2023-04-10 18:25:00,245 DEBUG [main][HikariConfig.java:1098] - connectionTimeout...............30000
2023-04-10 18:25:00,245 DEBUG [main][HikariConfig.java:1098] - connectionTimeout...............30000
2023-04-10 18:25:00,245 DEBUG [main][HikariConfig.java:1098] - dataSource......................none
2023-04-10 18:25:00,245 DEBUG [main][HikariConfig.java:1098] - dataSource......................none
2023-04-10 18:25:00,245 DEBUG [main][HikariConfig.java:1098] - dataSourceClassName.............none
2023-04-10 18:25:00,245 DEBUG [main][HikariConfig.java:1098] - dataSourceClassName.............none
2023-04-10 18:25:00,246 DEBUG [main][HikariConfig.java:1098] - dataSourceJNDI..................none
2023-04-10 18:25:00,246 DEBUG [main][HikariConfig.java:1098] - dataSourceJNDI..................none
2023-04-10 18:25:00,247 DEBUG [main][HikariConfig.java:1098] - dataSourceProperties............{password=<masked>}
2023-04-10 18:25:00,247 DEBUG [main][HikariConfig.java:1098] - dataSourceProperties............{password=<masked>}
2023-04-10 18:25:00,247 DEBUG [main][HikariConfig.java:1098] - driverClassName................."com.mysql.cj.jdbc.Driver"
2023-04-10 18:25:00,247 DEBUG [main][HikariConfig.java:1098] - driverClassName................."com.mysql.cj.jdbc.Driver"
2023-04-10 18:25:00,247 DEBUG [main][HikariConfig.java:1098] - exceptionOverrideClassName......none
2023-04-10 18:25:00,247 DEBUG [main][HikariConfig.java:1098] - exceptionOverrideClassName......none
2023-04-10 18:25:00,248 DEBUG [main][HikariConfig.java:1098] - healthCheckProperties...........{}
2023-04-10 18:25:00,248 DEBUG [main][HikariConfig.java:1098] - healthCheckProperties...........{}
2023-04-10 18:25:00,249 DEBUG [main][HikariConfig.java:1098] - healthCheckRegistry.............none
2023-04-10 18:25:00,249 DEBUG [main][HikariConfig.java:1098] - healthCheckRegistry.............none
2023-04-10 18:25:00,249 DEBUG [main][HikariConfig.java:1098] - idleTimeout.....................600000
2023-04-10 18:25:00,249 DEBUG [main][HikariConfig.java:1098] - idleTimeout.....................600000
2023-04-10 18:25:00,249 DEBUG [main][HikariConfig.java:1098] - initializationFailTimeout.......1
2023-04-10 18:25:00,249 DEBUG [main][HikariConfig.java:1098] - initializationFailTimeout.......1
2023-04-10 18:25:00,250 DEBUG [main][HikariConfig.java:1098] - isolateInternalQueries..........false
2023-04-10 18:25:00,250 DEBUG [main][HikariConfig.java:1098] - isolateInternalQueries..........false
2023-04-10 18:25:00,250 DEBUG [main][HikariConfig.java:1098] - jdbcUrl.........................jdbc:mysql://127.0.0.1:3306/xc_content?serverTimezone=UTC&userUnicode=true&useSSL=false&
2023-04-10 18:25:00,250 DEBUG [main][HikariConfig.java:1098] - jdbcUrl.........................jdbc:mysql://127.0.0.1:3306/xc_content?serverTimezone=UTC&userUnicode=true&useSSL=false&
2023-04-10 18:25:00,250 DEBUG [main][HikariConfig.java:1098] - leakDetectionThreshold..........0
2023-04-10 18:25:00,250 DEBUG [main][HikariConfig.java:1098] - leakDetectionThreshold..........0
2023-04-10 18:25:00,250 DEBUG [main][HikariConfig.java:1098] - maxLifetime.....................1800000
2023-04-10 18:25:00,250 DEBUG [main][HikariConfig.java:1098] - maxLifetime.....................1800000
2023-04-10 18:25:00,251 DEBUG [main][HikariConfig.java:1098] - maximumPoolSize.................10
2023-04-10 18:25:00,251 DEBUG [main][HikariConfig.java:1098] - maximumPoolSize.................10
2023-04-10 18:25:00,251 DEBUG [main][HikariConfig.java:1098] - metricRegistry..................none
2023-04-10 18:25:00,251 DEBUG [main][HikariConfig.java:1098] - metricRegistry..................none
2023-04-10 18:25:00,251 DEBUG [main][HikariConfig.java:1098] - metricsTrackerFactory...........none
2023-04-10 18:25:00,251 DEBUG [main][HikariConfig.java:1098] - metricsTrackerFactory...........none
2023-04-10 18:25:00,252 DEBUG [main][HikariConfig.java:1098] - minimumIdle.....................10
2023-04-10 18:25:00,252 DEBUG [main][HikariConfig.java:1098] - minimumIdle.....................10
2023-04-10 18:25:00,252 DEBUG [main][HikariConfig.java:1098] - password........................<masked>
2023-04-10 18:25:00,252 DEBUG [main][HikariConfig.java:1098] - password........................<masked>
2023-04-10 18:25:00,252 DEBUG [main][HikariConfig.java:1098] - poolName........................"HikariPool-1"
2023-04-10 18:25:00,252 DEBUG [main][HikariConfig.java:1098] - poolName........................"HikariPool-1"
2023-04-10 18:25:00,253 DEBUG [main][HikariConfig.java:1098] - readOnly........................false
2023-04-10 18:25:00,253 DEBUG [main][HikariConfig.java:1098] - registerMbeans..................false
2023-04-10 18:25:00,253 DEBUG [main][HikariConfig.java:1098] - readOnly........................false
2023-04-10 18:25:00,253 DEBUG [main][HikariConfig.java:1098] - registerMbeans..................false
2023-04-10 18:25:00,254 DEBUG [main][HikariConfig.java:1098] - scheduledExecutor...............none
2023-04-10 18:25:00,254 DEBUG [main][HikariConfig.java:1098] - scheduledExecutor...............none
2023-04-10 18:25:00,254 DEBUG [main][HikariConfig.java:1098] - schema..........................none
2023-04-10 18:25:00,254 DEBUG [main][HikariConfig.java:1098] - schema..........................none
2023-04-10 18:25:00,255 DEBUG [main][HikariConfig.java:1098] - threadFactory...................internal
2023-04-10 18:25:00,255 DEBUG [main][HikariConfig.java:1098] - threadFactory...................internal
2023-04-10 18:25:00,256 DEBUG [main][HikariConfig.java:1098] - transactionIsolation............default
2023-04-10 18:25:00,256 DEBUG [main][HikariConfig.java:1098] - transactionIsolation............default
2023-04-10 18:25:00,256 DEBUG [main][HikariConfig.java:1098] - username........................"root"
2023-04-10 18:25:00,256 DEBUG [main][HikariConfig.java:1098] - username........................"root"
2023-04-10 18:25:00,257 DEBUG [main][HikariConfig.java:1098] - validationTimeout...............5000
2023-04-10 18:25:00,257 DEBUG [main][HikariConfig.java:1098] - validationTimeout...............5000
2023-04-10 18:25:00,257 INFO [main][HikariDataSource.java:110] - HikariPool-1 - Starting...
2023-04-10 18:25:00,257 INFO [main][HikariDataSource.java:110] - HikariPool-1 - Starting...
2023-04-10 18:25:00,681 DEBUG [main][HikariPool.java:564] - HikariPool-1 - Added connection com.mysql.cj.jdbc.ConnectionImpl@5b1c32e4
2023-04-10 18:25:00,681 DEBUG [main][HikariPool.java:564] - HikariPool-1 - Added connection com.mysql.cj.jdbc.ConnectionImpl@5b1c32e4
2023-04-10 18:25:00,686 INFO [main][HikariDataSource.java:123] - HikariPool-1 - Start completed.
2023-04-10 18:25:00,686 INFO [main][HikariDataSource.java:123] - HikariPool-1 - Start completed.
2023-04-10 18:25:00,701 DEBUG [main][BaseJdbcLogger.java:137] - ==>  Preparing: SELECT COUNT(*) AS total FROM course_base WHERE (name = ? AND audit_status LIKE ?)
2023-04-10 18:25:00,701 DEBUG [main][BaseJdbcLogger.java:137] - ==>  Preparing: SELECT COUNT(*) AS total FROM course_base WHERE (name = ? AND audit_status LIKE ?)
2023-04-10 18:25:00,751 DEBUG [main][BaseJdbcLogger.java:137] - ==> Parameters: 测试(String), %202004%(String)
2023-04-10 18:25:00,751 DEBUG [main][BaseJdbcLogger.java:137] - ==> Parameters: 测试(String), %202004%(String)
2023-04-10 18:25:00,787 DEBUG [HikariPool-1 housekeeper][HikariPool.java:421] - HikariPool-1 - Pool stats (total=1, active=1, idle=0, waiting=0)
2023-04-10 18:25:00,787 DEBUG [HikariPool-1 housekeeper][HikariPool.java:421] - HikariPool-1 - Pool stats (total=1, active=1, idle=0, waiting=0)
2023-04-10 18:25:00,799 DEBUG [HikariPool-1 connection adder][HikariPool.java:728] - HikariPool-1 - Added connection com.mysql.cj.jdbc.ConnectionImpl@4f6a170f
2023-04-10 18:25:00,799 DEBUG [HikariPool-1 connection adder][HikariPool.java:728] - HikariPool-1 - Added connection com.mysql.cj.jdbc.ConnectionImpl@4f6a170f
2023-04-10 18:25:00,805 DEBUG [HikariPool-1 connection adder][HikariPool.java:728] - HikariPool-1 - Added connection com.mysql.cj.jdbc.ConnectionImpl@e571d34
2023-04-10 18:25:00,805 DEBUG [HikariPool-1 connection adder][HikariPool.java:728] - HikariPool-1 - Added connection com.mysql.cj.jdbc.ConnectionImpl@e571d34
2023-04-10 18:25:00,808 DEBUG [main][BaseJdbcLogger.java:137] - <==      Total: 1
2023-04-10 18:25:00,808 DEBUG [main][BaseJdbcLogger.java:137] - <==      Total: 1
2023-04-10 18:25:00,811 DEBUG [HikariPool-1 connection adder][HikariPool.java:728] - HikariPool-1 - Added connection com.mysql.cj.jdbc.ConnectionImpl@3f13336e
2023-04-10 18:25:00,811 DEBUG [HikariPool-1 connection adder][HikariPool.java:728] - HikariPool-1 - Added connection com.mysql.cj.jdbc.ConnectionImpl@3f13336e
2023-04-10 18:25:00,817 DEBUG [HikariPool-1 connection adder][HikariPool.java:728] - HikariPool-1 - Added connection com.mysql.cj.jdbc.ConnectionImpl@6e78e27b
2023-04-10 18:25:00,817 DEBUG [HikariPool-1 connection adder][HikariPool.java:728] - HikariPool-1 - Added connection com.mysql.cj.jdbc.ConnectionImpl@6e78e27b
2023-04-10 18:25:00,823 DEBUG [HikariPool-1 connection adder][HikariPool.java:728] - HikariPool-1 - Added connection com.mysql.cj.jdbc.ConnectionImpl@1c8c1ffa
2023-04-10 18:25:00,823 DEBUG [HikariPool-1 connection adder][HikariPool.java:728] - HikariPool-1 - Added connection com.mysql.cj.jdbc.ConnectionImpl@1c8c1ffa
2023-04-10 18:25:00,830 DEBUG [HikariPool-1 connection adder][HikariPool.java:728] - HikariPool-1 - Added connection com.mysql.cj.jdbc.ConnectionImpl@6a3678b2
2023-04-10 18:25:00,830 DEBUG [HikariPool-1 connection adder][HikariPool.java:728] - HikariPool-1 - Added connection com.mysql.cj.jdbc.ConnectionImpl@6a3678b2
2023-04-10 18:25:00,834 DEBUG [HikariPool-1 connection adder][HikariPool.java:728] - HikariPool-1 - Added connection com.mysql.cj.jdbc.ConnectionImpl@58b102cc
2023-04-10 18:25:00,834 DEBUG [HikariPool-1 connection adder][HikariPool.java:728] - HikariPool-1 - Added connection com.mysql.cj.jdbc.ConnectionImpl@58b102cc
2023-04-10 18:25:00,840 DEBUG [HikariPool-1 connection adder][HikariPool.java:728] - HikariPool-1 - Added connection com.mysql.cj.jdbc.ConnectionImpl@6758d77f
2023-04-10 18:25:00,840 DEBUG [HikariPool-1 connection adder][HikariPool.java:728] - HikariPool-1 - Added connection com.mysql.cj.jdbc.ConnectionImpl@6758d77f
2023-04-10 18:25:00,847 DEBUG [HikariPool-1 connection adder][HikariPool.java:728] - HikariPool-1 - Added connection com.mysql.cj.jdbc.ConnectionImpl@5045cfad
2023-04-10 18:25:00,847 DEBUG [HikariPool-1 connection adder][HikariPool.java:728] - HikariPool-1 - Added connection com.mysql.cj.jdbc.ConnectionImpl@5045cfad
2023-04-10 18:25:00,847 DEBUG [HikariPool-1 connection adder][HikariPool.java:421] - HikariPool-1 - After adding stats (total=10, active=0, idle=10, waiting=0)
2023-04-10 18:25:00,847 DEBUG [HikariPool-1 connection adder][HikariPool.java:421] - HikariPool-1 - After adding stats (total=10, active=0, idle=10, waiting=0)
2023-04-10 18:25:00,871 INFO [SpringContextShutdownHook][HikariDataSource.java:350] - HikariPool-1 - Shutdown initiated...
2023-04-10 18:25:00,871 INFO [SpringContextShutdownHook][HikariDataSource.java:350] - HikariPool-1 - Shutdown initiated...
2023-04-10 18:25:00,871 DEBUG [SpringContextShutdownHook][HikariPool.java:421] - HikariPool-1 - Before shutdown stats (total=10, active=0, idle=10, waiting=0)
2023-04-10 18:25:00,871 DEBUG [SpringContextShutdownHook][HikariPool.java:421] - HikariPool-1 - Before shutdown stats (total=10, active=0, idle=10, waiting=0)
2023-04-10 18:25:00,874 DEBUG [HikariPool-1 connection closer][PoolBase.java:134] - HikariPool-1 - Closing connection com.mysql.cj.jdbc.ConnectionImpl@5b1c32e4: (connection evicted)
2023-04-10 18:25:00,874 DEBUG [HikariPool-1 connection closer][PoolBase.java:134] - HikariPool-1 - Closing connection com.mysql.cj.jdbc.ConnectionImpl@5b1c32e4: (connection evicted)
2023-04-10 18:25:00,884 DEBUG [HikariPool-1 connection closer][PoolBase.java:134] - HikariPool-1 - Closing connection com.mysql.cj.jdbc.ConnectionImpl@4f6a170f: (connection evicted)
2023-04-10 18:25:00,884 DEBUG [HikariPool-1 connection closer][PoolBase.java:134] - HikariPool-1 - Closing connection com.mysql.cj.jdbc.ConnectionImpl@4f6a170f: (connection evicted)
2023-04-10 18:25:00,885 DEBUG [HikariPool-1 connection closer][PoolBase.java:134] - HikariPool-1 - Closing connection com.mysql.cj.jdbc.ConnectionImpl@e571d34: (connection evicted)
2023-04-10 18:25:00,885 DEBUG [HikariPool-1 connection closer][PoolBase.java:134] - HikariPool-1 - Closing connection com.mysql.cj.jdbc.ConnectionImpl@e571d34: (connection evicted)
2023-04-10 18:25:00,885 DEBUG [HikariPool-1 connection closer][PoolBase.java:134] - HikariPool-1 - Closing connection com.mysql.cj.jdbc.ConnectionImpl@3f13336e: (connection evicted)
2023-04-10 18:25:00,885 DEBUG [HikariPool-1 connection closer][PoolBase.java:134] - HikariPool-1 - Closing connection com.mysql.cj.jdbc.ConnectionImpl@3f13336e: (connection evicted)
2023-04-10 18:25:00,886 DEBUG [HikariPool-1 connection closer][PoolBase.java:134] - HikariPool-1 - Closing connection com.mysql.cj.jdbc.ConnectionImpl@6e78e27b: (connection evicted)
2023-04-10 18:25:00,886 DEBUG [HikariPool-1 connection closer][PoolBase.java:134] - HikariPool-1 - Closing connection com.mysql.cj.jdbc.ConnectionImpl@6e78e27b: (connection evicted)
2023-04-10 18:25:00,887 DEBUG [HikariPool-1 connection closer][PoolBase.java:134] - HikariPool-1 - Closing connection com.mysql.cj.jdbc.ConnectionImpl@1c8c1ffa: (connection evicted)
2023-04-10 18:25:00,887 DEBUG [HikariPool-1 connection closer][PoolBase.java:134] - HikariPool-1 - Closing connection com.mysql.cj.jdbc.ConnectionImpl@1c8c1ffa: (connection evicted)
2023-04-10 18:25:00,887 DEBUG [HikariPool-1 connection closer][PoolBase.java:134] - HikariPool-1 - Closing connection com.mysql.cj.jdbc.ConnectionImpl@6a3678b2: (connection evicted)
2023-04-10 18:25:00,887 DEBUG [HikariPool-1 connection closer][PoolBase.java:134] - HikariPool-1 - Closing connection com.mysql.cj.jdbc.ConnectionImpl@6a3678b2: (connection evicted)
2023-04-10 18:25:00,889 DEBUG [HikariPool-1 connection closer][PoolBase.java:134] - HikariPool-1 - Closing connection com.mysql.cj.jdbc.ConnectionImpl@58b102cc: (connection evicted)
2023-04-10 18:25:00,889 DEBUG [HikariPool-1 connection closer][PoolBase.java:134] - HikariPool-1 - Closing connection com.mysql.cj.jdbc.ConnectionImpl@58b102cc: (connection evicted)
2023-04-10 18:25:00,890 DEBUG [HikariPool-1 connection closer][PoolBase.java:134] - HikariPool-1 - Closing connection com.mysql.cj.jdbc.ConnectionImpl@6758d77f: (connection evicted)
2023-04-10 18:25:00,890 DEBUG [HikariPool-1 connection closer][PoolBase.java:134] - HikariPool-1 - Closing connection com.mysql.cj.jdbc.ConnectionImpl@6758d77f: (connection evicted)
2023-04-10 18:25:00,891 DEBUG [HikariPool-1 connection closer][PoolBase.java:134] - HikariPool-1 - Closing connection com.mysql.cj.jdbc.ConnectionImpl@5045cfad: (connection evicted)
2023-04-10 18:25:00,891 DEBUG [HikariPool-1 connection closer][PoolBase.java:134] - HikariPool-1 - Closing connection com.mysql.cj.jdbc.ConnectionImpl@5045cfad: (connection evicted)
2023-04-10 18:25:00,892 DEBUG [SpringContextShutdownHook][HikariPool.java:421] - HikariPool-1 - After shutdown stats (total=0, active=0, idle=0, waiting=0)
2023-04-10 18:25:00,893 INFO [SpringContextShutdownHook][HikariDataSource.java:352] - HikariPool-1 - Shutdown completed.
2023-04-10 18:25:00,892 DEBUG [SpringContextShutdownHook][HikariPool.java:421] - HikariPool-1 - After shutdown stats (total=0, active=0, idle=0, waiting=0)
2023-04-10 18:25:00,893 INFO [SpringContextShutdownHook][HikariDataSource.java:352] - HikariPool-1 - Shutdown completed.
