2023-05-05 20:52:29,473 WARN [Thread-7][HttpClientBeanHolder.java:108] - [HttpClientBeanHolder] Start destroying common HttpClient
2023-05-05 20:52:29,473 WARN [Thread-25][NotifyCenter.java:145] - [NotifyCenter] Start destroying Publisher
2023-05-05 20:52:29,473 WARN [Thread-7][HttpClientBeanHolder.java:108] - [HttpClientBeanHolder] Start destroying common HttpClient
2023-05-05 20:52:29,473 WARN [Thread-25][NotifyCenter.java:145] - [NotifyCenter] Start destroying Publisher
2023-05-05 20:52:29,490 WARN [Thread-25][NotifyCenter.java:162] - [NotifyCenter] Destruction of the end
2023-05-05 20:52:29,490 WARN [Thread-25][NotifyCenter.java:162] - [NotifyCenter] Destruction of the end
2023-05-05 20:52:29,494 WARN [Thread-7][HttpClientBeanHolder.java:114] - [HttpClientBeanHolder] Destruction of the end
2023-05-05 20:52:29,494 WARN [Thread-7][HttpClientBeanHolder.java:114] - [HttpClientBeanHolder] Destruction of the end
2023-05-05 20:52:29,800 DEBUG [com.alibaba.nacos.naming.failover][FailoverReactor.java:147] - failover switch is not found, failover00-00---000-VIPSRV_FAILOVER_SWITCH-000---00-00
2023-05-05 20:52:29,800 DEBUG [com.alibaba.nacos.naming.failover][FailoverReactor.java:147] - failover switch is not found, failover00-00---000-VIPSRV_FAILOVER_SWITCH-000---00-00
2023-05-05 20:52:30,002 INFO [com.alibaba.nacos.naming.push.receiver][PushReceiver.java:97] - received push data: {"type":"dom","data":"{\"name\":\"xuecheng-plus-project@@gateway\",\"clusters\":\"DEFAULT\",\"cacheMillis\":10000,\"hosts\":[],\"lastRefTime\":1683291150307,\"checksum\":\"\",\"allIPs\":false,\"reachProtectionThreshold\":false,\"valid\":true}","lastRefTime":178518360572076} from /10.103.207.77
2023-05-05 20:52:30,002 INFO [com.alibaba.nacos.naming.push.receiver][PushReceiver.java:97] - received push data: {"type":"dom","data":"{\"name\":\"xuecheng-plus-project@@gateway\",\"clusters\":\"DEFAULT\",\"cacheMillis\":10000,\"hosts\":[],\"lastRefTime\":1683291150307,\"checksum\":\"\",\"allIPs\":false,\"reachProtectionThreshold\":false,\"valid\":true}","lastRefTime":178518360572076} from /10.103.207.77
2023-05-05 20:52:30,004 INFO [com.alibaba.nacos.naming.push.receiver][HostReactor.java:238] - removed ips(1) service: xuecheng-plus-project@@gateway@@DEFAULT -> [{"instanceId":"192.168.137.1#64410#DEFAULT#xuecheng-plus-project@@gateway","ip":"192.168.137.1","port":64410,"weight":1.0,"healthy":true,"enabled":true,"ephemeral":true,"clusterName":"DEFAULT","serviceName":"xuecheng-plus-project@@gateway","metadata":{"preserved.register.source":"SPRING_CLOUD"},"instanceHeartBeatInterval":5000,"instanceHeartBeatTimeOut":15000,"ipDeleteTimeout":30000}]
2023-05-05 20:52:30,004 INFO [com.alibaba.nacos.naming.push.receiver][HostReactor.java:238] - removed ips(1) service: xuecheng-plus-project@@gateway@@DEFAULT -> [{"instanceId":"192.168.137.1#64410#DEFAULT#xuecheng-plus-project@@gateway","ip":"192.168.137.1","port":64410,"weight":1.0,"healthy":true,"enabled":true,"ephemeral":true,"clusterName":"DEFAULT","serviceName":"xuecheng-plus-project@@gateway","metadata":{"preserved.register.source":"SPRING_CLOUD"},"instanceHeartBeatInterval":5000,"instanceHeartBeatTimeOut":15000,"ipDeleteTimeout":30000}]
2023-05-05 20:52:30,005 DEBUG [nacos.publisher-com.alibaba.nacos.client.naming.event.InstancesChangeEvent][DefaultPublisher.java:193] - [NotifyCenter] the com.alibaba.nacos.client.naming.event.InstancesChangeEvent@59768a2e will received by com.alibaba.nacos.client.naming.event.InstancesChangeNotifier@5a08b084
2023-05-05 20:52:30,005 DEBUG [nacos.publisher-com.alibaba.nacos.client.naming.event.InstancesChangeEvent][DefaultPublisher.java:193] - [NotifyCenter] the com.alibaba.nacos.client.naming.event.InstancesChangeEvent@59768a2e will received by com.alibaba.nacos.client.naming.event.InstancesChangeNotifier@5a08b084
2023-05-05 20:52:30,006 INFO [com.alibaba.nacos.naming.push.receiver][HostReactor.java:271] - current ips:(0) service: xuecheng-plus-project@@gateway@@DEFAULT -> []
2023-05-05 20:52:30,006 INFO [com.alibaba.nacos.naming.push.receiver][HostReactor.java:271] - current ips:(0) service: xuecheng-plus-project@@gateway@@DEFAULT -> []
2023-05-05 20:52:31,495 DEBUG [com.alibaba.nacos.client.naming.updater][NamingProxy.java:195] - server list provided by user: [192.168.145.100:8848]
2023-05-05 20:52:31,495 DEBUG [com.alibaba.nacos.client.naming.updater][NamingProxy.java:195] - server list provided by user: [192.168.145.100:8848]
2023-05-05 20:52:32,459 INFO [SpringContextShutdownHook][BeatReactor.java:149] - com.alibaba.nacos.client.naming.beat.BeatReactor do shutdown stop
2023-05-05 20:52:32,459 INFO [SpringContextShutdownHook][BeatReactor.java:149] - com.alibaba.nacos.client.naming.beat.BeatReactor do shutdown stop
2023-05-05 20:52:32,462 INFO [SpringContextShutdownHook][HostReactor.java:413] - com.alibaba.nacos.client.naming.core.HostReactor do shutdown begin
2023-05-05 20:52:32,462 INFO [SpringContextShutdownHook][HostReactor.java:413] - com.alibaba.nacos.client.naming.core.HostReactor do shutdown begin
2023-05-05 20:52:34,803 DEBUG [com.alibaba.nacos.naming.failover][FailoverReactor.java:147] - failover switch is not found, failover00-00---000-VIPSRV_FAILOVER_SWITCH-000---00-00
2023-05-05 20:52:34,803 DEBUG [com.alibaba.nacos.naming.failover][FailoverReactor.java:147] - failover switch is not found, failover00-00---000-VIPSRV_FAILOVER_SWITCH-000---00-00
2023-05-05 20:52:35,468 INFO [SpringContextShutdownHook][PushReceiver.java:132] - com.alibaba.nacos.client.naming.core.PushReceiver do shutdown begin
2023-05-05 20:52:35,468 INFO [SpringContextShutdownHook][PushReceiver.java:132] - com.alibaba.nacos.client.naming.core.PushReceiver do shutdown begin
2023-05-05 20:52:38,473 INFO [SpringContextShutdownHook][PushReceiver.java:136] - com.alibaba.nacos.client.naming.core.PushReceiver do shutdown stop
2023-05-05 20:52:38,473 INFO [SpringContextShutdownHook][PushReceiver.java:136] - com.alibaba.nacos.client.naming.core.PushReceiver do shutdown stop
2023-05-05 20:52:38,474 INFO [SpringContextShutdownHook][FailoverReactor.java:132] - com.alibaba.nacos.client.naming.backups.FailoverReactor do shutdown begin
2023-05-05 20:52:38,474 INFO [SpringContextShutdownHook][FailoverReactor.java:132] - com.alibaba.nacos.client.naming.backups.FailoverReactor do shutdown begin
2023-05-05 20:52:38,474 INFO [SpringContextShutdownHook][FailoverReactor.java:134] - com.alibaba.nacos.client.naming.backups.FailoverReactor do shutdown stop
2023-05-05 20:52:38,474 INFO [SpringContextShutdownHook][FailoverReactor.java:134] - com.alibaba.nacos.client.naming.backups.FailoverReactor do shutdown stop
2023-05-05 20:52:38,475 INFO [SpringContextShutdownHook][HostReactor.java:418] - com.alibaba.nacos.client.naming.core.HostReactor do shutdown stop
2023-05-05 20:52:38,475 INFO [SpringContextShutdownHook][HostReactor.java:418] - com.alibaba.nacos.client.naming.core.HostReactor do shutdown stop
2023-05-05 20:52:38,475 INFO [SpringContextShutdownHook][NamingProxy.java:719] - com.alibaba.nacos.client.naming.net.NamingProxy do shutdown begin
2023-05-05 20:52:38,475 INFO [SpringContextShutdownHook][NamingProxy.java:719] - com.alibaba.nacos.client.naming.net.NamingProxy do shutdown begin
2023-05-05 20:52:38,475 WARN [SpringContextShutdownHook][NamingHttpClientManager.java:72] - [NamingHttpClientManager] Start destroying NacosRestTemplate
2023-05-05 20:52:38,475 WARN [SpringContextShutdownHook][NamingHttpClientManager.java:72] - [NamingHttpClientManager] Start destroying NacosRestTemplate
2023-05-05 20:52:38,475 WARN [SpringContextShutdownHook][NamingHttpClientManager.java:79] - [NamingHttpClientManager] Destruction of the end
2023-05-05 20:52:38,475 WARN [SpringContextShutdownHook][NamingHttpClientManager.java:79] - [NamingHttpClientManager] Destruction of the end
2023-05-05 20:52:38,475 INFO [SpringContextShutdownHook][CredentialWatcher.java:105] - [null] CredentialWatcher is stopped
2023-05-05 20:52:38,475 INFO [SpringContextShutdownHook][CredentialWatcher.java:105] - [null] CredentialWatcher is stopped
2023-05-05 20:52:38,475 INFO [SpringContextShutdownHook][CredentialService.java:98] - [null] CredentialService is freed
2023-05-05 20:52:38,475 INFO [SpringContextShutdownHook][CredentialService.java:98] - [null] CredentialService is freed
2023-05-05 20:52:38,476 INFO [SpringContextShutdownHook][NamingProxy.java:723] - com.alibaba.nacos.client.naming.net.NamingProxy do shutdown stop
2023-05-05 20:52:38,476 INFO [SpringContextShutdownHook][NamingProxy.java:723] - com.alibaba.nacos.client.naming.net.NamingProxy do shutdown stop
2023-05-05 20:52:38,477 WARN [SpringContextShutdownHook][DisposableBeanAdapter.java:349] - Destroy method 'close' on bean with name 'nacosServiceRegistry' threw an exception: java.lang.NullPointerException
2023-05-05 20:52:38,477 WARN [SpringContextShutdownHook][DisposableBeanAdapter.java:349] - Destroy method 'close' on bean with name 'nacosServiceRegistry' threw an exception: java.lang.NullPointerException
